<?xml version="1.0" encoding="UTF-8"?>
<!-- Generated by org.testng.reporters.JUnitReportReporter -->
<testsuite hostname="AnkurPandey" failures="0" tests="4" name="org.example.seleniumproject" time="8.857" errors="0" timestamp="2023-06-13T14:22:01 IST" skipped="0">
  <testcase classname="org.example.seleniumproject" name="selectElementTest" time="0.223"/>
  <system-out/>
  <testcase classname="org.example.seleniumproject" name="inputElementTest" time="3.022"/>
  <system-out/>
  <testcase classname="org.example.seleniumproject" name="submitButton" time="0.087"/>
  <system-out/>
  <testcase classname="org.example.seleniumproject" name="radioComponentTest" time="5.525"/>
  <system-out/>
</testsuite> <!-- org.example.seleniumproject -->
